<?xml version="1.0" encoding="UTF-8"?>
<!-- Generated by org.testng.reporters.JUnitReportReporter -->
<testsuite hostname="Dell-Laptop-2nd-Floor-room1" failures="0" tests="1" name="com.actitime.testscript.UserModule" time="0.085" errors="0" timestamp="2023-12-29T08:58:31 IST" skipped="0">
  <testcase classname="com.actitime.testscript.UserModule" name="addUser" time="0.085"/>
  <system-out>
    <![CDATA[addUser]]>
  </system-out>
</testsuite> <!-- com.actitime.testscript.UserModule -->
